{
  "schemaVersion": 2,
  "mediaType": "application/vnd.oci.image.index.v1+json",
  "manifests": [
    {
      "mediaType": "application/vnd.oci.image.manifest.v1+json",
      "digest": "sha256:e306ca9707459206370d251312f1ad24895e53353a48d0f9c17eb67f88d9d8f6",
      "size": 480,
      "platform": {
        "architecture": "amd64",
        "os": "linux"
      }
    },
    {
      "mediaType": "application/vnd.oci.image.manifest.v1+json",
      "digest": "sha256:67cbb2ad8ca60bea6a151c10868c60d89b52a2fcc4ae963bd4bc6b11447f1cce",
      "size": 566,
      "annotations": {
        "vnd.docker.reference.digest": "sha256:e306ca9707459206370d251312f1ad24895e53353a48d0f9c17eb67f88d9d8f6",
        "vnd.docker.reference.type": "attestation-manifest"
      },
      "platform": {
        "architecture": "unknown",
        "os": "unknown"
      }
    }
  ]
}
