#0 building with "desktop-linux" instance using docker driver

#1 [internal] load build definition from Dockerfile
#1 transferring dockerfile: 98B done
#1 DONE 0.0s

#2 [internal] load metadata for docker.io/library/busybox:1.36
#2 DONE 1.2s

#3 [internal] load .dockerignore
#3 transferring context: 2B done
#3 DONE 0.0s

#4 [1/1] FROM docker.io/library/busybox:1.36@sha256:73aaf090f3d85aa34ee199857f03fa3a95c8ede2ffd4cc2cdb5b94e566b11662
#4 resolve docker.io/library/busybox:1.36@sha256:73aaf090f3d85aa34ee199857f03fa3a95c8ede2ffd4cc2cdb5b94e566b11662 0.0s done
#4 CACHED

#5 exporting to image
#5 exporting layers done
#5 exporting manifest sha256:e306ca9707459206370d251312f1ad24895e53353a48d0f9c17eb67f88d9d8f6 done
#5 exporting config sha256:e7f4dba14edac3fa2ef2947b1b7815a27eb006bf84d39eadeff3689ed76e09a8 done
#5 exporting attestation manifest sha256:67cbb2ad8ca60bea6a151c10868c60d89b52a2fcc4ae963bd4bc6b11447f1cce 0.0s done
#5 exporting manifest list sha256:8788245b202d9478967d9c25d7f17978c04d81e2e330e470851465e746b53320 0.0s done
#5 naming to docker.io/lab4/hello:0.1 done
#5 unpacking to docker.io/lab4/hello:0.1 done
#5 DONE 0.1s

View build details: docker-desktop://dashboard/build/desktop-linux/desktop-linux/cjfw9a63mjlo17t8wx6iifx6d
