#0 building with "desktop-linux" instance using docker driver

#1 [internal] load build definition from Dockerfile
#1 transferring dockerfile: 379B done
#1 DONE 0.0s

#2 [internal] load metadata for docker.io/library/python:3.11-alpine
#2 DONE 2.2s

#3 [internal] load .dockerignore
#3 transferring context: 2B done
#3 DONE 0.0s

#4 [internal] load build context
#4 transferring context: 440B done
#4 DONE 0.1s

#5 [1/5] FROM docker.io/library/python:3.11-alpine@sha256:f07e2ace46f560f09a6eeec7b4913b80ee99546e749ef82342a419a326620856
#5 resolve docker.io/library/python:3.11-alpine@sha256:f07e2ace46f560f09a6eeec7b4913b80ee99546e749ef82342a419a326620856 0.0s done
#5 ...

#6 [5/5] ADD https://example.com /example.html
#6 DONE 0.2s

#5 [1/5] FROM docker.io/library/python:3.11-alpine@sha256:f07e2ace46f560f09a6eeec7b4913b80ee99546e749ef82342a419a326620856
#5 ...

#6 [5/5] ADD https://example.com /example.html
#6 DONE 0.2s

#5 [1/5] FROM docker.io/library/python:3.11-alpine@sha256:f07e2ace46f560f09a6eeec7b4913b80ee99546e749ef82342a419a326620856
#5 sha256:0b03716e5e03b2134212b6536fecae304149a4fb5586e92073e3b8f97af5b617 0B / 247B 0.3s
#5 sha256:8d1e490ed26d028959a24939e51d195c903413dc99db7948740a3933b18cdd5d 0B / 16.02MB 0.2s
#5 sha256:811797f98545e24df50fd93066350a95b56d2300eb535b3891dc7a49ee42a239 0B / 460.94kB 0.2s
#5 sha256:0b03716e5e03b2134212b6536fecae304149a4fb5586e92073e3b8f97af5b617 247B / 247B 0.4s done
#5 sha256:8d1e490ed26d028959a24939e51d195c903413dc99db7948740a3933b18cdd5d 3.15MB / 16.02MB 0.8s
#5 sha256:8d1e490ed26d028959a24939e51d195c903413dc99db7948740a3933b18cdd5d 5.24MB / 16.02MB 0.9s
#5 sha256:811797f98545e24df50fd93066350a95b56d2300eb535b3891dc7a49ee42a239 460.94kB / 460.94kB 0.8s done
#5 extracting sha256:811797f98545e24df50fd93066350a95b56d2300eb535b3891dc7a49ee42a239
#5 sha256:8d1e490ed26d028959a24939e51d195c903413dc99db7948740a3933b18cdd5d 7.34MB / 16.02MB 1.1s
#5 extracting sha256:811797f98545e24df50fd93066350a95b56d2300eb535b3891dc7a49ee42a239 0.2s done
#5 sha256:8d1e490ed26d028959a24939e51d195c903413dc99db7948740a3933b18cdd5d 9.44MB / 16.02MB 1.2s
#5 sha256:8d1e490ed26d028959a24939e51d195c903413dc99db7948740a3933b18cdd5d 11.53MB / 16.02MB 1.4s
#5 sha256:8d1e490ed26d028959a24939e51d195c903413dc99db7948740a3933b18cdd5d 13.63MB / 16.02MB 1.5s
#5 sha256:8d1e490ed26d028959a24939e51d195c903413dc99db7948740a3933b18cdd5d 16.02MB / 16.02MB 1.6s done
#5 extracting sha256:8d1e490ed26d028959a24939e51d195c903413dc99db7948740a3933b18cdd5d
#5 extracting sha256:8d1e490ed26d028959a24939e51d195c903413dc99db7948740a3933b18cdd5d 0.6s done
#5 DONE 2.3s

#5 [1/5] FROM docker.io/library/python:3.11-alpine@sha256:f07e2ace46f560f09a6eeec7b4913b80ee99546e749ef82342a419a326620856
#5 extracting sha256:0b03716e5e03b2134212b6536fecae304149a4fb5586e92073e3b8f97af5b617 0.0s done
#5 DONE 2.3s

#7 [2/5] WORKDIR /app
#7 DONE 0.1s

#8 [3/5] RUN pip install --no-cache-dir fastapi "uvicorn[standard]"
#8 2.031 Collecting fastapi
#8 2.309   Downloading fastapi-0.135.3-py3-none-any.whl.metadata (28 kB)
#8 2.391 Collecting uvicorn[standard]
#8 2.431   Downloading uvicorn-0.44.0-py3-none-any.whl.metadata (6.7 kB)
#8 2.511 Collecting starlette>=0.46.0 (from fastapi)
#8 2.545   Downloading starlette-1.0.0-py3-none-any.whl.metadata (6.3 kB)
#8 2.696 Collecting pydantic>=2.9.0 (from fastapi)
#8 2.732   Downloading pydantic-2.12.5-py3-none-any.whl.metadata (90 kB)
#8 2.757      ━━━━━━━━━━━━━━━━━━━━━━━━━━━━━━━━━━━━━━━━ 90.6/90.6 kB 4.1 MB/s eta 0:00:00
#8 2.807 Collecting typing-extensions>=4.8.0 (from fastapi)
#8 2.842   Downloading typing_extensions-4.15.0-py3-none-any.whl.metadata (3.3 kB)
#8 2.881 Collecting typing-inspection>=0.4.2 (from fastapi)
#8 2.918   Downloading typing_inspection-0.4.2-py3-none-any.whl.metadata (2.6 kB)
#8 2.958 Collecting annotated-doc>=0.0.2 (from fastapi)
#8 2.996   Downloading annotated_doc-0.0.4-py3-none-any.whl.metadata (6.6 kB)
#8 3.050 Collecting click>=7.0 (from uvicorn[standard])
#8 3.084   Downloading click-8.3.2-py3-none-any.whl.metadata (2.6 kB)
#8 3.124 Collecting h11>=0.8 (from uvicorn[standard])
#8 3.161   Downloading h11-0.16.0-py3-none-any.whl.metadata (8.3 kB)
#8 3.221 Collecting httptools>=0.6.3 (from uvicorn[standard])
#8 3.259   Downloading httptools-0.7.1-cp311-cp311-musllinux_1_2_x86_64.whl.metadata (3.5 kB)
#8 3.305 Collecting python-dotenv>=0.13 (from uvicorn[standard])
#8 3.343   Downloading python_dotenv-1.2.2-py3-none-any.whl.metadata (27 kB)
#8 3.421 Collecting pyyaml>=5.1 (from uvicorn[standard])
#8 3.462   Downloading pyyaml-6.0.3-cp311-cp311-musllinux_1_2_x86_64.whl.metadata (2.4 kB)
#8 3.532 Collecting uvloop>=0.15.1 (from uvicorn[standard])
#8 3.661   Downloading uvloop-0.22.1-cp311-cp311-musllinux_1_2_x86_64.whl.metadata (4.9 kB)
#8 3.752 Collecting watchfiles>=0.20 (from uvicorn[standard])
#8 3.787   Downloading watchfiles-1.1.1-cp311-cp311-musllinux_1_1_x86_64.whl.metadata (4.9 kB)
#8 3.887 Collecting websockets>=10.4 (from uvicorn[standard])
#8 4.027   Downloading websockets-16.0-cp311-cp311-musllinux_1_2_x86_64.whl.metadata (6.8 kB)
#8 4.072 Collecting annotated-types>=0.6.0 (from pydantic>=2.9.0->fastapi)
#8 4.106   Downloading annotated_types-0.7.0-py3-none-any.whl.metadata (15 kB)
#8 4.751 Collecting pydantic-core==2.41.5 (from pydantic>=2.9.0->fastapi)
#8 4.786   Downloading pydantic_core-2.41.5-cp311-cp311-musllinux_1_1_x86_64.whl.metadata (7.3 kB)
#8 4.845 Collecting anyio<5,>=3.6.2 (from starlette>=0.46.0->fastapi)
#8 4.883   Downloading anyio-4.13.0-py3-none-any.whl.metadata (4.5 kB)
#8 4.955 Collecting idna>=2.8 (from anyio<5,>=3.6.2->starlette>=0.46.0->fastapi)
#8 4.989   Downloading idna-3.11-py3-none-any.whl.metadata (8.4 kB)
#8 5.036 Downloading fastapi-0.135.3-py3-none-any.whl (117 kB)
#8 5.045    ━━━━━━━━━━━━━━━━━━━━━━━━━━━━━━━━━━━━━━━━ 117.7/117.7 kB 16.4 MB/s eta 0:00:00
#8 5.082 Downloading annotated_doc-0.0.4-py3-none-any.whl (5.3 kB)
#8 5.117 Downloading click-8.3.2-py3-none-any.whl (108 kB)
#8 5.125    ━━━━━━━━━━━━━━━━━━━━━━━━━━━━━━━━━━━━━━━━ 108.4/108.4 kB 17.3 MB/s eta 0:00:00
#8 5.163 Downloading h11-0.16.0-py3-none-any.whl (37 kB)
#8 5.200 Downloading httptools-0.7.1-cp311-cp311-musllinux_1_2_x86_64.whl (440 kB)
#8 5.239    ━━━━━━━━━━━━━━━━━━━━━━━━━━━━━━━━━━━━━━━━ 440.3/440.3 kB 11.6 MB/s eta 0:00:00
#8 5.276 Downloading pydantic-2.12.5-py3-none-any.whl (463 kB)
#8 5.313    ━━━━━━━━━━━━━━━━━━━━━━━━━━━━━━━━━━━━━━━━ 463.6/463.6 kB 13.2 MB/s eta 0:00:00
#8 5.353 Downloading pydantic_core-2.41.5-cp311-cp311-musllinux_1_1_x86_64.whl (2.3 MB)
#8 5.503    ━━━━━━━━━━━━━━━━━━━━━━━━━━━━━━━━━━━━━━━━ 2.3/2.3 MB 15.5 MB/s eta 0:00:00
#8 5.539 Downloading python_dotenv-1.2.2-py3-none-any.whl (22 kB)
#8 5.579 Downloading pyyaml-6.0.3-cp311-cp311-musllinux_1_2_x86_64.whl (794 kB)
#8 5.627    ━━━━━━━━━━━━━━━━━━━━━━━━━━━━━━━━━━━━━━━━ 795.0/795.0 kB 17.1 MB/s eta 0:00:00
#8 5.664 Downloading starlette-1.0.0-py3-none-any.whl (72 kB)
#8 5.671    ━━━━━━━━━━━━━━━━━━━━━━━━━━━━━━━━━━━━━━━━ 72.7/72.7 kB 14.6 MB/s eta 0:00:00
#8 5.709 Downloading typing_extensions-4.15.0-py3-none-any.whl (44 kB)
#8 5.712    ━━━━━━━━━━━━━━━━━━━━━━━━━━━━━━━━━━━━━━━━ 44.6/44.6 kB 37.6 MB/s eta 0:00:00
#8 5.749 Downloading typing_inspection-0.4.2-py3-none-any.whl (14 kB)
#8 5.786 Downloading uvloop-0.22.1-cp311-cp311-musllinux_1_2_x86_64.whl (3.7 MB)
#8 6.024    ━━━━━━━━━━━━━━━━━━━━━━━━━━━━━━━━━━━━━━━━ 3.7/3.7 MB 15.7 MB/s eta 0:00:00
#8 6.061 Downloading watchfiles-1.1.1-cp311-cp311-musllinux_1_1_x86_64.whl (623 kB)
#8 6.099    ━━━━━━━━━━━━━━━━━━━━━━━━━━━━━━━━━━━━━━━━ 623.0/623.0 kB 16.8 MB/s eta 0:00:00
#8 6.137 Downloading websockets-16.0-cp311-cp311-musllinux_1_2_x86_64.whl (184 kB)
#8 6.152    ━━━━━━━━━━━━━━━━━━━━━━━━━━━━━━━━━━━━━━━━ 184.6/184.6 kB 13.3 MB/s eta 0:00:00
#8 6.188 Downloading uvicorn-0.44.0-py3-none-any.whl (69 kB)
#8 6.193    ━━━━━━━━━━━━━━━━━━━━━━━━━━━━━━━━━━━━━━━━ 69.4/69.4 kB 23.3 MB/s eta 0:00:00
#8 6.230 Downloading annotated_types-0.7.0-py3-none-any.whl (13 kB)
#8 6.266 Downloading anyio-4.13.0-py3-none-any.whl (114 kB)
#8 6.272    ━━━━━━━━━━━━━━━━━━━━━━━━━━━━━━━━━━━━━━━━ 114.4/114.4 kB 23.9 MB/s eta 0:00:00
#8 6.307 Downloading idna-3.11-py3-none-any.whl (71 kB)
#8 6.312    ━━━━━━━━━━━━━━━━━━━━━━━━━━━━━━━━━━━━━━━━ 71.0/71.0 kB 26.8 MB/s eta 0:00:00
#8 6.401 Installing collected packages: websockets, uvloop, typing-extensions, pyyaml, python-dotenv, idna, httptools, h11, click, annotated-types, annotated-doc, uvicorn, typing-inspection, pydantic-core, anyio, watchfiles, starlette, pydantic, fastapi
#8 7.603 Successfully installed annotated-doc-0.0.4 annotated-types-0.7.0 anyio-4.13.0 click-8.3.2 fastapi-0.135.3 h11-0.16.0 httptools-0.7.1 idna-3.11 pydantic-2.12.5 pydantic-core-2.41.5 python-dotenv-1.2.2 pyyaml-6.0.3 starlette-1.0.0 typing-extensions-4.15.0 typing-inspection-0.4.2 uvicorn-0.44.0 uvloop-0.22.1 watchfiles-1.1.1 websockets-16.0
#8 7.603 WARNING: Running pip as the 'root' user can result in broken permissions and conflicting behaviour with the system package manager. It is recommended to use a virtual environment instead: https://pip.pypa.io/warnings/venv
#8 7.844 
#8 7.844 [notice] A new release of pip is available: 24.0 -> 26.0.1
#8 7.844 [notice] To update, run: pip install --upgrade pip
#8 DONE 8.1s

#9 [4/5] COPY --chmod=555 main.py /app/main.py
#9 DONE 0.1s

#10 [5/5] ADD https://example.com /example.html
#10 DONE 0.0s

#11 exporting to image
#11 exporting layers
#11 exporting layers 1.2s done
#11 exporting manifest sha256:003b534d8031e34ca4ec32dcfcd5bb59b079032fcca006751e28b68534170221 0.0s done
#11 exporting config sha256:05c1acd2f5b7a7535fca98c501037543f9425a1d46d8c8286a711cc61a9e7072 0.0s done
#11 exporting attestation manifest sha256:ba31d64d8b309cc222a897283f6538cda967d9143a221c43f358d663af29a509 0.0s done
#11 exporting manifest list sha256:596edfeadc41c27ee3edbd64714dfd7148685e25c15318add058cd63c3ec8d71 0.0s done
#11 naming to docker.io/lab4/main:0.1 done
#11 unpacking to docker.io/lab4/main:0.1
#11 unpacking to docker.io/lab4/main:0.1 0.5s done
#11 DONE 1.9s

View build details: docker-desktop://dashboard/build/desktop-linux/desktop-linux/ellxyr2msgcm4kgmrwt0if5ty
