#0 building with "desktop-linux" instance using docker driver

#1 [internal] load build definition from Dockerfile
#1 transferring dockerfile: 264B done
#1 DONE 0.0s

#2 [internal] load metadata for docker.io/library/golang:1.21
#2 DONE 2.1s

#3 [internal] load .dockerignore
#3 transferring context: 2B done
#3 DONE 0.0s

#4 [internal] load build context
#4 transferring context: 130B done
#4 DONE 0.1s

#5 [build 1/4] FROM docker.io/library/golang:1.21@sha256:4746d26432a9117a5f58e95cb9f954ddf0de128e9d5816886514199316e4a2fb
#5 resolve docker.io/library/golang:1.21@sha256:4746d26432a9117a5f58e95cb9f954ddf0de128e9d5816886514199316e4a2fb 0.0s done
#5 sha256:532d43a0bc41875119c835fd75616e87d5df2a3714ddea3a0b5a68c7c5982649 0B / 126B 0.2s
#5 sha256:1f46bd02dde39f0741d70614fc607bf03c1a0cd60d52e7dd06c44f8fb9358709 0B / 92.23MB 0.2s
#5 sha256:6ed93aa58a52c9abc1ee472f1ac74b73d3adcccc2c30744498fd5f14f3f5d22c 0B / 64.14MB 0.2s
#5 sha256:3cbbe86a28c2f6b3c3e0e8c6dcfba369e1ea656cf8daf69be789e0fe2105982b 0B / 24.05MB 0.2s
#5 sha256:532d43a0bc41875119c835fd75616e87d5df2a3714ddea3a0b5a68c7c5982649 126B / 126B 0.3s done
#5 sha256:903681d87777d28dc56866a07a2774c3fd5bf65fd734b24c9d0ecd9a13c9f636 0B / 49.55MB 0.2s
#5 sha256:1f46bd02dde39f0741d70614fc607bf03c1a0cd60d52e7dd06c44f8fb9358709 5.24MB / 92.23MB 0.9s
#5 sha256:1f46bd02dde39f0741d70614fc607bf03c1a0cd60d52e7dd06c44f8fb9358709 12.58MB / 92.23MB 1.2s
#5 sha256:6ed93aa58a52c9abc1ee472f1ac74b73d3adcccc2c30744498fd5f14f3f5d22c 6.29MB / 64.14MB 1.1s
#5 sha256:1f46bd02dde39f0741d70614fc607bf03c1a0cd60d52e7dd06c44f8fb9358709 19.92MB / 92.23MB 1.5s
#5 sha256:6ed93aa58a52c9abc1ee472f1ac74b73d3adcccc2c30744498fd5f14f3f5d22c 12.58MB / 64.14MB 1.4s
#5 sha256:903681d87777d28dc56866a07a2774c3fd5bf65fd734b24c9d0ecd9a13c9f636 4.19MB / 49.55MB 1.1s
#5 sha256:3cbbe86a28c2f6b3c3e0e8c6dcfba369e1ea656cf8daf69be789e0fe2105982b 2.10MB / 24.05MB 1.5s
#5 sha256:1f46bd02dde39f0741d70614fc607bf03c1a0cd60d52e7dd06c44f8fb9358709 26.21MB / 92.23MB 1.8s
#5 sha256:6ed93aa58a52c9abc1ee472f1ac74b73d3adcccc2c30744498fd5f14f3f5d22c 16.78MB / 64.14MB 1.7s
#5 sha256:903681d87777d28dc56866a07a2774c3fd5bf65fd734b24c9d0ecd9a13c9f636 8.39MB / 49.55MB 1.4s
#5 sha256:3cbbe86a28c2f6b3c3e0e8c6dcfba369e1ea656cf8daf69be789e0fe2105982b 4.19MB / 24.05MB 1.8s
#5 sha256:1f46bd02dde39f0741d70614fc607bf03c1a0cd60d52e7dd06c44f8fb9358709 33.55MB / 92.23MB 2.1s
#5 sha256:6ed93aa58a52c9abc1ee472f1ac74b73d3adcccc2c30744498fd5f14f3f5d22c 22.02MB / 64.14MB 2.0s
#5 sha256:903681d87777d28dc56866a07a2774c3fd5bf65fd734b24c9d0ecd9a13c9f636 13.63MB / 49.55MB 1.7s
#5 sha256:3cbbe86a28c2f6b3c3e0e8c6dcfba369e1ea656cf8daf69be789e0fe2105982b 6.29MB / 24.05MB 2.1s
#5 sha256:1f46bd02dde39f0741d70614fc607bf03c1a0cd60d52e7dd06c44f8fb9358709 39.85MB / 92.23MB 2.4s
#5 sha256:6ed93aa58a52c9abc1ee472f1ac74b73d3adcccc2c30744498fd5f14f3f5d22c 28.31MB / 64.14MB 2.3s
#5 sha256:903681d87777d28dc56866a07a2774c3fd5bf65fd734b24c9d0ecd9a13c9f636 17.83MB / 49.55MB 2.0s
#5 sha256:3cbbe86a28c2f6b3c3e0e8c6dcfba369e1ea656cf8daf69be789e0fe2105982b 8.39MB / 24.05MB 2.4s
#5 sha256:1f46bd02dde39f0741d70614fc607bf03c1a0cd60d52e7dd06c44f8fb9358709 47.19MB / 92.23MB 2.7s
#5 sha256:903681d87777d28dc56866a07a2774c3fd5bf65fd734b24c9d0ecd9a13c9f636 20.97MB / 49.55MB 2.3s
#5 sha256:6ed93aa58a52c9abc1ee472f1ac74b73d3adcccc2c30744498fd5f14f3f5d22c 35.65MB / 64.14MB 2.7s
#5 sha256:3cbbe86a28c2f6b3c3e0e8c6dcfba369e1ea656cf8daf69be789e0fe2105982b 10.49MB / 24.05MB 2.7s
#5 sha256:1f46bd02dde39f0741d70614fc607bf03c1a0cd60d52e7dd06c44f8fb9358709 53.48MB / 92.23MB 3.0s
#5 sha256:6ed93aa58a52c9abc1ee472f1ac74b73d3adcccc2c30744498fd5f14f3f5d22c 39.85MB / 64.14MB 3.0s
#5 sha256:3cbbe86a28c2f6b3c3e0e8c6dcfba369e1ea656cf8daf69be789e0fe2105982b 12.58MB / 24.05MB 3.0s
#5 sha256:903681d87777d28dc56866a07a2774c3fd5bf65fd734b24c9d0ecd9a13c9f636 26.21MB / 49.55MB 2.7s
#5 sha256:1f46bd02dde39f0741d70614fc607bf03c1a0cd60d52e7dd06c44f8fb9358709 60.82MB / 92.23MB 3.3s
#5 sha256:6ed93aa58a52c9abc1ee472f1ac74b73d3adcccc2c30744498fd5f14f3f5d22c 45.09MB / 64.14MB 3.3s
#5 sha256:3cbbe86a28c2f6b3c3e0e8c6dcfba369e1ea656cf8daf69be789e0fe2105982b 14.68MB / 24.05MB 3.3s
#5 sha256:903681d87777d28dc56866a07a2774c3fd5bf65fd734b24c9d0ecd9a13c9f636 31.46MB / 49.55MB 3.0s
#5 sha256:1f46bd02dde39f0741d70614fc607bf03c1a0cd60d52e7dd06c44f8fb9358709 67.11MB / 92.23MB 3.6s
#5 sha256:903681d87777d28dc56866a07a2774c3fd5bf65fd734b24c9d0ecd9a13c9f636 34.60MB / 49.55MB 3.2s
#5 sha256:6ed93aa58a52c9abc1ee472f1ac74b73d3adcccc2c30744498fd5f14f3f5d22c 50.33MB / 64.14MB 3.6s
#5 sha256:3cbbe86a28c2f6b3c3e0e8c6dcfba369e1ea656cf8daf69be789e0fe2105982b 16.78MB / 24.05MB 3.6s
#5 sha256:903681d87777d28dc56866a07a2774c3fd5bf65fd734b24c9d0ecd9a13c9f636 37.75MB / 49.55MB 3.3s
#5 sha256:903681d87777d28dc56866a07a2774c3fd5bf65fd734b24c9d0ecd9a13c9f636 40.89MB / 49.55MB 3.5s
#5 sha256:1f46bd02dde39f0741d70614fc607bf03c1a0cd60d52e7dd06c44f8fb9358709 73.40MB / 92.23MB 3.9s
#5 sha256:3cbbe86a28c2f6b3c3e0e8c6dcfba369e1ea656cf8daf69be789e0fe2105982b 18.87MB / 24.05MB 3.9s
#5 sha256:903681d87777d28dc56866a07a2774c3fd5bf65fd734b24c9d0ecd9a13c9f636 44.04MB / 49.55MB 3.6s
#5 sha256:1f46bd02dde39f0741d70614fc607bf03c1a0cd60d52e7dd06c44f8fb9358709 78.64MB / 92.23MB 4.2s
#5 sha256:6ed93aa58a52c9abc1ee472f1ac74b73d3adcccc2c30744498fd5f14f3f5d22c 56.62MB / 64.14MB 4.1s
#5 sha256:3cbbe86a28c2f6b3c3e0e8c6dcfba369e1ea656cf8daf69be789e0fe2105982b 20.97MB / 24.05MB 4.1s
#5 sha256:903681d87777d28dc56866a07a2774c3fd5bf65fd734b24c9d0ecd9a13c9f636 47.19MB / 49.55MB 3.8s
#5 sha256:1f46bd02dde39f0741d70614fc607bf03c1a0cd60d52e7dd06c44f8fb9358709 83.89MB / 92.23MB 4.4s
#5 sha256:3cbbe86a28c2f6b3c3e0e8c6dcfba369e1ea656cf8daf69be789e0fe2105982b 24.05MB / 24.05MB 4.3s done
#5 sha256:903681d87777d28dc56866a07a2774c3fd5bf65fd734b24c9d0ecd9a13c9f636 49.55MB / 49.55MB 3.9s done
#5 extracting sha256:903681d87777d28dc56866a07a2774c3fd5bf65fd734b24c9d0ecd9a13c9f636
#5 sha256:1f46bd02dde39f0741d70614fc607bf03c1a0cd60d52e7dd06c44f8fb9358709 89.13MB / 92.23MB 4.5s
#5 sha256:6ed93aa58a52c9abc1ee472f1ac74b73d3adcccc2c30744498fd5f14f3f5d22c 60.82MB / 64.14MB 4.4s
#5 sha256:6ed93aa58a52c9abc1ee472f1ac74b73d3adcccc2c30744498fd5f14f3f5d22c 64.14MB / 64.14MB 4.5s done
#5 sha256:1f46bd02dde39f0741d70614fc607bf03c1a0cd60d52e7dd06c44f8fb9358709 92.23MB / 92.23MB 4.7s done
#5 extracting sha256:903681d87777d28dc56866a07a2774c3fd5bf65fd734b24c9d0ecd9a13c9f636 1.5s done
#5 DONE 5.9s

#5 [build 1/4] FROM docker.io/library/golang:1.21@sha256:4746d26432a9117a5f58e95cb9f954ddf0de128e9d5816886514199316e4a2fb
#5 extracting sha256:3cbbe86a28c2f6b3c3e0e8c6dcfba369e1ea656cf8daf69be789e0fe2105982b
#5 extracting sha256:3cbbe86a28c2f6b3c3e0e8c6dcfba369e1ea656cf8daf69be789e0fe2105982b 0.4s done
#5 DONE 6.3s

#5 [build 1/4] FROM docker.io/library/golang:1.21@sha256:4746d26432a9117a5f58e95cb9f954ddf0de128e9d5816886514199316e4a2fb
#5 extracting sha256:6ed93aa58a52c9abc1ee472f1ac74b73d3adcccc2c30744498fd5f14f3f5d22c
#5 extracting sha256:6ed93aa58a52c9abc1ee472f1ac74b73d3adcccc2c30744498fd5f14f3f5d22c 1.6s done
#5 DONE 8.0s

#5 [build 1/4] FROM docker.io/library/golang:1.21@sha256:4746d26432a9117a5f58e95cb9f954ddf0de128e9d5816886514199316e4a2fb
#5 extracting sha256:1f46bd02dde39f0741d70614fc607bf03c1a0cd60d52e7dd06c44f8fb9358709
#5 extracting sha256:1f46bd02dde39f0741d70614fc607bf03c1a0cd60d52e7dd06c44f8fb9358709 1.3s done
#5 DONE 9.3s

#5 [build 1/4] FROM docker.io/library/golang:1.21@sha256:4746d26432a9117a5f58e95cb9f954ddf0de128e9d5816886514199316e4a2fb
#5 extracting sha256:54bf7053e2d96c2c7f4637ad7580bd64345b3c9fabb163e1fdb8894aea8a9af0
#5 extracting sha256:54bf7053e2d96c2c7f4637ad7580bd64345b3c9fabb163e1fdb8894aea8a9af0 3.0s done
#5 DONE 12.3s

#5 [build 1/4] FROM docker.io/library/golang:1.21@sha256:4746d26432a9117a5f58e95cb9f954ddf0de128e9d5816886514199316e4a2fb
#5 extracting sha256:532d43a0bc41875119c835fd75616e87d5df2a3714ddea3a0b5a68c7c5982649 0.0s done
#5 extracting sha256:4f4fb700ef54461cfa02571ae0db9a0dc1e0cdb5577484a6d75e68dc38e8acc1 0.0s done
#5 DONE 12.4s

#6 [build 2/4] WORKDIR /src
#6 DONE 1.2s

#7 [build 3/4] COPY main.go /src/main.go
#7 DONE 0.8s

#8 [build 4/4] RUN CGO_ENABLED=0 GOOS=linux GOARCH=amd64 go build -o /out/hello /src/main.go
#8 DONE 3.3s

#9 [stage-1 1/1] COPY --from=build /out/hello /hello
#9 DONE 0.1s

#10 exporting to image
#10 exporting layers
#10 exporting layers 0.4s done
#10 exporting manifest sha256:f4b7f6fd7bbb8fac1eabf0ef811e6943d763d6feaaede981cef7b2c340f7393b 0.1s done
#10 exporting config sha256:82679ec8bc53ef03f8ee01099409c5b1e521c35700b07a9d80d1b860bb9c4ed0 0.1s done
#10 exporting attestation manifest sha256:5b4b586438b5fc7b9c8d306075d1902ccf24344fd41ea82d8f1a038f6d7268ba 0.1s done
#10 exporting manifest list sha256:1d19882c571f977b24b13d301d0cc78e99252a202f6a24882ca8ef1a58ef13e1
#10 exporting manifest list sha256:1d19882c571f977b24b13d301d0cc78e99252a202f6a24882ca8ef1a58ef13e1 0.1s done
#10 naming to docker.io/lab4/multi:0.1 done
#10 unpacking to docker.io/lab4/multi:0.1 0.1s done
#10 DONE 0.8s

View build details: docker-desktop://dashboard/build/desktop-linux/desktop-linux/yxh91tpqh1ncmm0aep15j44fx
