The files belonging to this database system will be owned by user "postgres".
This user must also own the server process.

The database cluster will be initialized with locale "en_US.utf8".
The default database encoding has accordingly been set to "UTF8".
The default text search configuration will be set to "english".

Data page checksums are disabled.

fixing permissions on existing directory /var/lib/postgresql/data ... ok
creating subdirectories ... ok
selecting dynamic shared memory implementation ... posix
selecting default "max_connections" ... 100
selecting default "shared_buffers" ... 128MB
selecting default time zone ... UTC
creating configuration files ... ok
running bootstrap script ... ok
sh: locale: not found
2026-04-10 11:26:07.107 UTC [35] WARNING:  no usable system locales were found
performing post-bootstrap initialization ... ok
initdb: warning: enabling "trust" authentication for local connections
initdb: hint: You can change this by editing pg_hba.conf or using the option -A, or --auth-local and --auth-host, the next time you run initdb.
syncing data to disk ... ok


Success. You can now start the database server using:

    pg_ctl -D /var/lib/postgresql/data -l logfile start

waiting for server to start....2026-04-10 11:26:07.791 UTC [41] LOG:  starting PostgreSQL 17.9 on x86_64-pc-linux-musl, compiled by gcc (Alpine 15.2.0) 15.2.0, 64-bit
2026-04-10 11:26:07.793 UTC [41] LOG:  listening on Unix socket "/var/run/postgresql/.s.PGSQL.5432"
2026-04-10 11:26:07.799 UTC [44] LOG:  database system was shut down at 2026-04-10 11:26:07 UTC
2026-04-10 11:26:07.804 UTC [41] LOG:  database system is ready to accept connections
 done
server started
CREATE DATABASE


/usr/local/bin/docker-entrypoint.sh: running /docker-entrypoint-initdb.d/01_schema.sql
CREATE SCHEMA
SET
BEGIN
CREATE TABLE
CREATE TABLE
CREATE TABLE
CREATE INDEX
CREATE INDEX
CREATE TABLE
CREATE INDEX
CREATE TABLE
CREATE TABLE
CREATE TABLE
CREATE TABLE
CREATE INDEX
CREATE INDEX
CREATE TABLE
COMMIT


/usr/local/bin/docker-entrypoint.sh: running /docker-entrypoint-initdb.d/02_load_csv.sql
SET
COPY 4
COPY 4
COPY 3
COPY 3
ANALYZE
ANALYZE
ANALYZE
ANALYZE


waiting for server to shut down...2026-04-10 11:26:08.011 UTC [41] LOG:  received fast shutdown request
.2026-04-10 11:26:08.014 UTC [41] LOG:  aborting any active transactions
2026-04-10 11:26:08.016 UTC [41] LOG:  background worker "logical replication launcher" (PID 47) exited with exit code 1
2026-04-10 11:26:08.016 UTC [42] LOG:  shutting down
2026-04-10 11:26:08.018 UTC [42] LOG:  checkpoint starting: shutdown immediate
2026-04-10 11:26:08.146 UTC [42] LOG:  checkpoint complete: wrote 966 buffers (5.9%); 0 WAL file(s) added, 0 removed, 0 recycled; write=0.024 s, sync=0.099 s, total=0.131 s; sync files=333, longest=0.003 s, average=0.001 s; distance=4432 kB, estimate=4432 kB; lsn=0/1941368, redo lsn=0/1941368
2026-04-10 11:26:08.156 UTC [41] LOG:  database system is shut down
 done
server stopped

PostgreSQL init process complete; ready for start up.

2026-04-10 11:26:08.233 UTC [1] LOG:  starting PostgreSQL 17.9 on x86_64-pc-linux-musl, compiled by gcc (Alpine 15.2.0) 15.2.0, 64-bit
2026-04-10 11:26:08.233 UTC [1] LOG:  listening on IPv4 address "0.0.0.0", port 5432
2026-04-10 11:26:08.233 UTC [1] LOG:  listening on IPv6 address "::", port 5432
2026-04-10 11:26:08.237 UTC [1] LOG:  listening on Unix socket "/var/run/postgresql/.s.PGSQL.5432"
2026-04-10 11:26:08.242 UTC [61] LOG:  database system was shut down at 2026-04-10 11:26:08 UTC
2026-04-10 11:26:08.248 UTC [1] LOG:  database system is ready to accept connections
