<!DOCTYPE HTML>
<html lang="en">
<head>
<meta charset="utf-8">
<title>Directory listing for /</title>
</head>
<body>
<h1>Directory listing for /</h1>
<hr>
<ul>
<li><a href=".dockerenv">.dockerenv</a></li>
<li><a href="bin/">bin/</a></li>
<li><a href="dev/">dev/</a></li>
<li><a href="etc/">etc/</a></li>
<li><a href="home/">home/</a></li>
<li><a href="lib/">lib/</a></li>
<li><a href="media/">media/</a></li>
<li><a href="mnt/">mnt/</a></li>
<li><a href="opt/">opt/</a></li>
<li><a href="proc/">proc/</a></li>
<li><a href="root/">root/</a></li>
<li><a href="run/">run/</a></li>
<li><a href="sbin/">sbin/</a></li>
<li><a href="srv/">srv/</a></li>
<li><a href="sys/">sys/</a></li>
<li><a href="tmp/">tmp/</a></li>
<li><a href="usr/">usr/</a></li>
<li><a href="var/">var/</a></li>
</ul>
<hr>
</body>
</html>
