pg_restore: connecting to database for restore
pg_restore: creating SCHEMA "shop"
pg_restore: creating TABLE "shop.categories"
pg_restore: creating SEQUENCE "shop.categories_category_id_seq"
pg_restore: creating TABLE "shop.customers"
pg_restore: creating SEQUENCE "shop.customers_customer_id_seq"
pg_restore: creating TABLE "shop.deliveries"
pg_restore: creating TABLE "shop.manufacturers"
pg_restore: creating SEQUENCE "shop.manufacturers_manufacturer_id_seq"
pg_restore: creating TABLE "shop.price_change"
pg_restore: creating TABLE "shop.products"
pg_restore: creating SEQUENCE "shop.products_product_id_seq"
pg_restore: creating TABLE "shop.purchase_items"
pg_restore: creating TABLE "shop.purchases"
pg_restore: creating SEQUENCE "shop.purchases_purchase_id_seq"
pg_restore: creating TABLE "shop.stores"
pg_restore: creating SEQUENCE "shop.stores_store_id_seq"
pg_restore: processing data for table "shop.categories"
pg_restore: processing data for table "shop.customers"
pg_restore: processing data for table "shop.deliveries"
pg_restore: processing data for table "shop.manufacturers"
pg_restore: processing data for table "shop.price_change"
pg_restore: processing data for table "shop.products"
pg_restore: processing data for table "shop.purchase_items"
pg_restore: processing data for table "shop.purchases"
pg_restore: processing data for table "shop.stores"
pg_restore: executing SEQUENCE SET categories_category_id_seq
pg_restore: executing SEQUENCE SET customers_customer_id_seq
pg_restore: executing SEQUENCE SET manufacturers_manufacturer_id_seq
pg_restore: executing SEQUENCE SET products_product_id_seq
pg_restore: executing SEQUENCE SET purchases_purchase_id_seq
pg_restore: executing SEQUENCE SET stores_store_id_seq
pg_restore: creating CONSTRAINT "shop.categories categories_pkey"
pg_restore: creating CONSTRAINT "shop.customers customers_pkey"
pg_restore: creating CONSTRAINT "shop.manufacturers manufacturers_pkey"
pg_restore: creating CONSTRAINT "shop.deliveries pk_deliveries"
pg_restore: creating CONSTRAINT "shop.price_change pk_price_change"
pg_restore: creating CONSTRAINT "shop.purchase_items pk_purchase_items"
pg_restore: creating CONSTRAINT "shop.products products_pkey"
pg_restore: creating CONSTRAINT "shop.purchases purchases_pkey"
pg_restore: creating CONSTRAINT "shop.stores stores_pkey"
pg_restore: creating CONSTRAINT "shop.categories uq_category_name"
pg_restore: creating CONSTRAINT "shop.manufacturers uq_manufacturer_name"
pg_restore: creating CONSTRAINT "shop.stores uq_store_name"
pg_restore: creating INDEX "shop.idx_price_change_product_ts"
pg_restore: creating INDEX "shop.idx_products_category"
pg_restore: creating INDEX "shop.idx_products_manufacturer"
pg_restore: creating INDEX "shop.idx_purchases_customer"
pg_restore: creating INDEX "shop.idx_purchases_date"
pg_restore: creating FK CONSTRAINT "shop.deliveries fk_delivery_product"
pg_restore: creating FK CONSTRAINT "shop.deliveries fk_delivery_store"
pg_restore: creating FK CONSTRAINT "shop.purchase_items fk_item_product"
pg_restore: creating FK CONSTRAINT "shop.purchase_items fk_item_purchase"
pg_restore: creating FK CONSTRAINT "shop.price_change fk_price_change_product"
pg_restore: creating FK CONSTRAINT "shop.products fk_product_category"
pg_restore: creating FK CONSTRAINT "shop.products fk_product_manufacturer"
pg_restore: creating FK CONSTRAINT "shop.purchases fk_purchase_customer"
pg_restore: creating FK CONSTRAINT "shop.purchases fk_purchase_store"
